Flow report for system
Tue May 05 14:17:55 2009
Quartus II Version 7.1 Build 156 04/30/2007 SJ Web Edition


---------------------
; Table of Contents ;
---------------------
  1. Legal Notice
  2. Flow Summary
  3. Flow Settings
  4. Flow Non-Default Global Settings
  5. Flow Elapsed Time
  6. Flow Log



----------------
; Legal Notice ;
----------------
Copyright (C) 1991-2007 Altera Corporation
Your use of Altera Corporation's design tools, logic functions 
and other software and tools, and its AMPP partner logic 
functions, and any output files from any of the foregoing 
(including device programming or simulation files), and any 
associated documentation or information are expressly subject 
to the terms and conditions of the Altera Program License 
Subscription Agreement, Altera MegaCore Function License 
Agreement, or other applicable license agreement, including, 
without limitation, that your use is for the sole purpose of 
programming logic devices manufactured by Altera and sold by 
Altera or its authorized distributors.  Please refer to the 
applicable agreement for further details.



+------------------------------------------------------------------------------+
; Flow Summary                                                                 ;
+------------------------------------+-----------------------------------------+
; Flow Status                        ; Successful - Tue May 05 14:17:55 2009   ;
; Quartus II Version                 ; 7.1 Build 156 04/30/2007 SJ Web Edition ;
; Revision Name                      ; system                                  ;
; Top-level Entity Name              ; system                                  ;
; Family                             ; Cyclone II                              ;
; Met timing requirements            ; Yes                                     ;
; Total logic elements               ; 117 / 4,608 ( 3 % )                     ;
;     Total combinational functions  ; 117 / 4,608 ( 3 % )                     ;
;     Dedicated logic registers      ; 0 / 4,608 ( 0 % )                       ;
; Total registers                    ; 0                                       ;
; Total pins                         ; 15 / 89 ( 17 % )                        ;
; Total virtual pins                 ; 0                                       ;
; Total memory bits                  ; 0 / 119,808 ( 0 % )                     ;
; Embedded Multiplier 9-bit elements ; 0 / 26 ( 0 % )                          ;
; Total PLLs                         ; 0 / 2 ( 0 % )                           ;
; Device                             ; EP2C5T144C6                             ;
; Timing Models                      ; Final                                   ;
+------------------------------------+-----------------------------------------+


+-----------------------------------------+
; Flow Settings                           ;
+-------------------+---------------------+
; Option            ; Setting             ;
+-------------------+---------------------+
; Start date & time ; 05/05/2009 14:17:10 ;
; Main task         ; Compilation         ;
; Revision Name     ; system              ;
+-------------------+---------------------+


+----------------------------------------------------------------------------+
; Flow Non-Default Global Settings                                           ;
+------------------------+--------+---------------+-------------+------------+
; Assignment Name        ; Value  ; Default Value ; Entity Name ; Section Id ;
+------------------------+--------+---------------+-------------+------------+
; PARTITION_NETLIST_TYPE ; SOURCE ; --            ; --          ; Top        ;
+------------------------+--------+---------------+-------------+------------+


+----------------------------------------+
; Flow Elapsed Time                      ;
+-------------------------+--------------+
; Module Name             ; Elapsed Time ;
+-------------------------+--------------+
; Analysis & Synthesis    ; 00:00:15     ;
; Fitter                  ; 00:00:07     ;
; Assembler               ; 00:00:14     ;
; Classic Timing Analyzer ; 00:00:02     ;
; Total                   ; 00:00:38     ;
+-------------------------+--------------+


------------
; Flow Log ;
------------
quartus_map --read_settings_files=on --write_settings_files=off system -c system
quartus_fit --read_settings_files=off --write_settings_files=off system -c system
quartus_asm --read_settings_files=off --write_settings_files=off system -c system
quartus_tan --read_settings_files=off --write_settings_files=off system -c system --timing_analysis_only



